<?xml version="1.0" encoding="UTF-8"?>
<coverage generated="1730198001022" clover="3.2.0">
  <project timestamp="1730198001022" name="All files">
    <metrics statements="93" coveredstatements="87" conditionals="90" coveredconditionals="80" methods="20" coveredmethods="19" elements="203" coveredelements="186" complexity="0" loc="93" ncloc="93" packages="1" files="1" classes="1"/>
    <file name="BlockoutPopup.js" path="/Users/wenhan/Documents/school/Year 3/year 3 sem 1/SPM/is212-spm/Allinone/src/component/CalendarView/BlockoutPopup.js">
      <metrics statements="93" coveredstatements="87" conditionals="90" coveredconditionals="80" methods="20" coveredmethods="19"/>
      <line num="7" count="1" type="stmt"/>
      <line num="8" count="89" type="stmt"/>
      <line num="9" count="88" type="stmt"/>
      <line num="10" count="88" type="stmt"/>
      <line num="11" count="88" type="stmt"/>
      <line num="12" count="88" type="stmt"/>
      <line num="13" count="88" type="stmt"/>
      <line num="14" count="88" type="stmt"/>
      <line num="16" count="88" type="stmt"/>
      <line num="17" count="20" type="stmt"/>
      <line num="20" count="88" type="stmt"/>
      <line num="21" count="4" type="cond" truecount="6" falsecount="0"/>
      <line num="22" count="3" type="cond" truecount="1" falsecount="1"/>
      <line num="23" count="0" type="stmt"/>
      <line num="26" count="1" type="stmt"/>
      <line num="30" count="88" type="stmt"/>
      <line num="31" count="3" type="stmt"/>
      <line num="32" count="3" type="stmt"/>
      <line num="33" count="3" type="stmt"/>
      <line num="34" count="3" type="stmt"/>
      <line num="35" count="3" type="stmt"/>
      <line num="36" count="3" type="stmt"/>
      <line num="37" count="3" type="stmt"/>
      <line num="40" count="88" type="stmt"/>
      <line num="42" count="13" type="cond" truecount="2" falsecount="0"/>
      <line num="44" count="6" type="stmt"/>
      <line num="45" count="6" type="stmt"/>
      <line num="52" count="2" type="cond" truecount="1" falsecount="1"/>
      <line num="53" count="2" type="stmt"/>
      <line num="54" count="2" type="stmt"/>
      <line num="56" count="2" type="cond" truecount="1" falsecount="1"/>
      <line num="57" count="0" type="stmt"/>
      <line num="60" count="4" type="cond" truecount="4" falsecount="0"/>
      <line num="62" count="1" type="stmt"/>
      <line num="65" count="3" type="stmt"/>
      <line num="66" count="3" type="stmt"/>
      <line num="71" count="88" type="stmt"/>
      <line num="72" count="13" type="stmt"/>
      <line num="74" count="13" type="cond" truecount="2" falsecount="0"/>
      <line num="75" count="7" type="stmt"/>
      <line num="77" count="13" type="cond" truecount="2" falsecount="0"/>
      <line num="78" count="3" type="stmt"/>
      <line num="80" count="13" type="cond" truecount="2" falsecount="0"/>
      <line num="81" count="3" type="stmt"/>
      <line num="83" count="13" type="cond" truecount="5" falsecount="0"/>
      <line num="84" count="4" type="stmt"/>
      <line num="87" count="13" type="stmt"/>
      <line num="88" count="13" type="stmt"/>
      <line num="92" count="88" type="stmt"/>
      <line num="94" count="33" type="stmt"/>
      <line num="96" count="33" type="cond" truecount="4" falsecount="1"/>
      <line num="98" count="9" type="stmt"/>
      <line num="99" count="9" type="cond" truecount="4" falsecount="0"/>
      <line num="100" count="3" type="stmt"/>
      <line num="102" count="9" type="stmt"/>
      <line num="104" count="10" type="stmt"/>
      <line num="105" count="10" type="cond" truecount="4" falsecount="0"/>
      <line num="106" count="3" type="stmt"/>
      <line num="108" count="10" type="cond" truecount="3" falsecount="2"/>
      <line num="109" count="0" type="cond" truecount="0" falsecount="2"/>
      <line num="110" count="0" type="stmt"/>
      <line num="113" count="10" type="stmt"/>
      <line num="115" count="10" type="stmt"/>
      <line num="117" count="12" type="stmt"/>
      <line num="118" count="12" type="cond" truecount="3" falsecount="1"/>
      <line num="119" count="0" type="stmt"/>
      <line num="121" count="12" type="cond" truecount="5" falsecount="0"/>
      <line num="122" count="4" type="cond" truecount="1" falsecount="1"/>
      <line num="123" count="4" type="stmt"/>
      <line num="126" count="8" type="stmt"/>
      <line num="128" count="12" type="stmt"/>
      <line num="130" count="2" type="stmt"/>
      <line num="131" count="2" type="stmt"/>
      <line num="133" count="0" type="stmt"/>
      <line num="136" count="33" type="stmt"/>
      <line num="140" count="88" type="stmt"/>
      <line num="141" count="201" type="cond" truecount="4" falsecount="0"/>
      <line num="142" count="191" type="cond" truecount="4" falsecount="0"/>
      <line num="143" count="187" type="cond" truecount="4" falsecount="0"/>
      <line num="144" count="182" type="cond" truecount="6" falsecount="0"/>
      <line num="145" count="174" type="stmt"/>
      <line num="149" count="88" type="stmt"/>
      <line num="151" count="88" type="stmt"/>
      <line num="152" count="20" type="stmt"/>
      <line num="157" count="88" type="stmt"/>
      <line num="158" count="1" type="stmt"/>
      <line num="159" count="1" type="stmt"/>
      <line num="162" count="88" type="stmt"/>
      <line num="176" count="27" type="stmt"/>
      <line num="187" count="9" type="stmt"/>
      <line num="196" count="10" type="stmt"/>
      <line num="205" count="12" type="stmt"/>
      <line num="235" count="2" type="stmt"/>
    </file>
  </project>
</coverage>
