{"/Users/wenhan/Documents/school/Year 3/year 3 sem 1/SPM/is212-spm/Allinone/src/component/CalendarView/BlockoutPopup.js": {"path":"/Users/wenhan/Documents/school/Year 3/year 3 sem 1/SPM/is212-spm/Allinone/src/component/CalendarView/BlockoutPopup.js","statementMap":{"0":{"start":{"line":7,"column":22},"end":{"line":250,"column":1}},"1":{"start":{"line":8,"column":30},"end":{"line":8,"column":45}},"2":{"start":{"line":9,"column":28},"end":{"line":9,"column":40}},"3":{"start":{"line":10,"column":36},"end":{"line":10,"column":48}},"4":{"start":{"line":11,"column":32},"end":{"line":11,"column":44}},"5":{"start":{"line":12,"column":56},"end":{"line":12,"column":68}},"6":{"start":{"line":13,"column":30},"end":{"line":13,"column":42}},"7":{"start":{"line":14,"column":34},"end":{"line":14,"column":87}},"8":{"start":{"line":16,"column":20},"end":{"line":18,"column":3}},"9":{"start":{"line":17,"column":4},"end":{"line":17,"column":20}},"10":{"start":{"line":20,"column":21},"end":{"line":28,"column":3}},"11":{"start":{"line":21,"column":4},"end":{"line":27,"column":5}},"12":{"start":{"line":22,"column":6},"end":{"line":24,"column":7}},"13":{"start":{"line":23,"column":8},"end":{"line":23,"column":20}},"14":{"start":{"line":26,"column":6},"end":{"line":26,"column":18}},"15":{"start":{"line":30,"column":20},"end":{"line":38,"column":3}},"16":{"start":{"line":31,"column":4},"end":{"line":31,"column":21}},"17":{"start":{"line":32,"column":4},"end":{"line":32,"column":17}},"18":{"start":{"line":33,"column":4},"end":{"line":33,"column":21}},"19":{"start":{"line":34,"column":4},"end":{"line":34,"column":19}},"20":{"start":{"line":35,"column":4},"end":{"line":35,"column":31}},"21":{"start":{"line":36,"column":4},"end":{"line":36,"column":18}},"22":{"start":{"line":37,"column":4},"end":{"line":37,"column":61}},"23":{"start":{"line":40,"column":23},"end":{"line":69,"column":3}},"24":{"start":{"line":42,"column":4},"end":{"line":42,"column":34}},"25":{"start":{"line":42,"column":27},"end":{"line":42,"column":34}},"26":{"start":{"line":44,"column":4},"end":{"line":68,"column":5}},"27":{"start":{"line":45,"column":23},"end":{"line":51,"column":8}},"28":{"start":{"line":52,"column":6},"end":{"line":55,"column":7}},"29":{"start":{"line":53,"column":8},"end":{"line":53,"column":47}},"30":{"start":{"line":54,"column":8},"end":{"line":54,"column":20}},"31":{"start":{"line":56,"column":6},"end":{"line":58,"column":7}},"32":{"start":{"line":57,"column":8},"end":{"line":57,"column":62}},"33":{"start":{"line":60,"column":6},"end":{"line":67,"column":7}},"34":{"start":{"line":62,"column":8},"end":{"line":62,"column":112}},"35":{"start":{"line":65,"column":8},"end":{"line":65,"column":57}},"36":{"start":{"line":66,"column":8},"end":{"line":66,"column":43}},"37":{"start":{"line":71,"column":25},"end":{"line":89,"column":3}},"38":{"start":{"line":72,"column":26},"end":{"line":72,"column":28}},"39":{"start":{"line":74,"column":4},"end":{"line":76,"column":5}},"40":{"start":{"line":75,"column":6},"end":{"line":75,"column":47}},"41":{"start":{"line":77,"column":4},"end":{"line":79,"column":5}},"42":{"start":{"line":78,"column":6},"end":{"line":78,"column":52}},"43":{"start":{"line":80,"column":4},"end":{"line":82,"column":5}},"44":{"start":{"line":81,"column":6},"end":{"line":81,"column":50}},"45":{"start":{"line":83,"column":4},"end":{"line":85,"column":5}},"46":{"start":{"line":84,"column":6},"end":{"line":84,"column":72}},"47":{"start":{"line":87,"column":4},"end":{"line":87,"column":29}},"48":{"start":{"line":88,"column":4},"end":{"line":88,"column":38}},"49":{"start":{"line":92,"column":28},"end":{"line":137,"column":3}},"50":{"start":{"line":94,"column":24},"end":{"line":94,"column":35}},"51":{"start":{"line":96,"column":4},"end":{"line":134,"column":5}},"52":{"start":{"line":98,"column":8},"end":{"line":98,"column":24}},"53":{"start":{"line":99,"column":8},"end":{"line":101,"column":9}},"54":{"start":{"line":100,"column":10},"end":{"line":100,"column":88}},"55":{"start":{"line":100,"column":56},"end":{"line":100,"column":86}},"56":{"start":{"line":102,"column":8},"end":{"line":102,"column":14}},"57":{"start":{"line":104,"column":8},"end":{"line":104,"column":28}},"58":{"start":{"line":105,"column":8},"end":{"line":107,"column":9}},"59":{"start":{"line":106,"column":10},"end":{"line":106,"column":93}},"60":{"start":{"line":106,"column":56},"end":{"line":106,"column":91}},"61":{"start":{"line":108,"column":8},"end":{"line":114,"column":9}},"62":{"start":{"line":109,"column":10},"end":{"line":111,"column":11}},"63":{"start":{"line":110,"column":12},"end":{"line":110,"column":78}},"64":{"start":{"line":113,"column":10},"end":{"line":113,"column":113}},"65":{"start":{"line":113,"column":56},"end":{"line":113,"column":111}},"66":{"start":{"line":115,"column":8},"end":{"line":115,"column":14}},"67":{"start":{"line":117,"column":8},"end":{"line":117,"column":26}},"68":{"start":{"line":118,"column":8},"end":{"line":120,"column":9}},"69":{"start":{"line":119,"column":10},"end":{"line":119,"column":91}},"70":{"start":{"line":119,"column":56},"end":{"line":119,"column":89}},"71":{"start":{"line":121,"column":8},"end":{"line":127,"column":9}},"72":{"start":{"line":122,"column":10},"end":{"line":124,"column":11}},"73":{"start":{"line":123,"column":12},"end":{"line":123,"column":78}},"74":{"start":{"line":126,"column":10},"end":{"line":126,"column":113}},"75":{"start":{"line":126,"column":56},"end":{"line":126,"column":111}},"76":{"start":{"line":128,"column":8},"end":{"line":128,"column":14}},"77":{"start":{"line":130,"column":8},"end":{"line":130,"column":38}},"78":{"start":{"line":131,"column":8},"end":{"line":131,"column":14}},"79":{"start":{"line":133,"column":8},"end":{"line":133,"column":14}},"80":{"start":{"line":136,"column":4},"end":{"line":136,"column":29}},"81":{"start":{"line":140,"column":19},"end":{"line":146,"column":3}},"82":{"start":{"line":141,"column":4},"end":{"line":141,"column":80}},"83":{"start":{"line":141,"column":68},"end":{"line":141,"column":80}},"84":{"start":{"line":142,"column":4},"end":{"line":142,"column":89}},"85":{"start":{"line":142,"column":77},"end":{"line":142,"column":89}},"86":{"start":{"line":143,"column":4},"end":{"line":143,"column":85}},"87":{"start":{"line":143,"column":73},"end":{"line":143,"column":85}},"88":{"start":{"line":144,"column":4},"end":{"line":144,"column":108}},"89":{"start":{"line":144,"column":96},"end":{"line":144,"column":108}},"90":{"start":{"line":145,"column":4},"end":{"line":145,"column":17}},"91":{"start":{"line":149,"column":40},"end":{"line":149,"column":58}},"92":{"start":{"line":151,"column":24},"end":{"line":154,"column":3}},"93":{"start":{"line":152,"column":10},"end":{"line":152,"column":65}},"94":{"start":{"line":157,"column":31},"end":{"line":160,"column":3}},"95":{"start":{"line":158,"column":4},"end":{"line":158,"column":24}},"96":{"start":{"line":159,"column":4},"end":{"line":159,"column":21}},"97":{"start":{"line":162,"column":2},"end":{"line":249,"column":4}},"98":{"start":{"line":176,"column":20},"end":{"line":176,"column":48}},"99":{"start":{"line":187,"column":33},"end":{"line":187,"column":75}},"100":{"start":{"line":196,"column":33},"end":{"line":196,"column":79}},"101":{"start":{"line":205,"column":33},"end":{"line":205,"column":77}},"102":{"start":{"line":235,"column":33},"end":{"line":235,"column":89}}},"fnMap":{"0":{"name":"(anonymous_0)","decl":{"start":{"line":7,"column":22},"end":{"line":7,"column":23}},"loc":{"start":{"line":7,"column":28},"end":{"line":250,"column":1}},"line":7},"1":{"name":"(anonymous_1)","decl":{"start":{"line":16,"column":20},"end":{"line":16,"column":21}},"loc":{"start":{"line":16,"column":26},"end":{"line":18,"column":3}},"line":16},"2":{"name":"(anonymous_2)","decl":{"start":{"line":20,"column":21},"end":{"line":20,"column":22}},"loc":{"start":{"line":20,"column":27},"end":{"line":28,"column":3}},"line":20},"3":{"name":"(anonymous_3)","decl":{"start":{"line":30,"column":20},"end":{"line":30,"column":21}},"loc":{"start":{"line":30,"column":26},"end":{"line":38,"column":3}},"line":30},"4":{"name":"(anonymous_4)","decl":{"start":{"line":40,"column":23},"end":{"line":40,"column":24}},"loc":{"start":{"line":40,"column":35},"end":{"line":69,"column":3}},"line":40},"5":{"name":"(anonymous_5)","decl":{"start":{"line":71,"column":25},"end":{"line":71,"column":26}},"loc":{"start":{"line":71,"column":31},"end":{"line":89,"column":3}},"line":71},"6":{"name":"(anonymous_6)","decl":{"start":{"line":92,"column":28},"end":{"line":92,"column":29}},"loc":{"start":{"line":92,"column":46},"end":{"line":137,"column":3}},"line":92},"7":{"name":"(anonymous_7)","decl":{"start":{"line":100,"column":47},"end":{"line":100,"column":48}},"loc":{"start":{"line":100,"column":56},"end":{"line":100,"column":86}},"line":100},"8":{"name":"(anonymous_8)","decl":{"start":{"line":106,"column":47},"end":{"line":106,"column":48}},"loc":{"start":{"line":106,"column":56},"end":{"line":106,"column":91}},"line":106},"9":{"name":"(anonymous_9)","decl":{"start":{"line":113,"column":47},"end":{"line":113,"column":48}},"loc":{"start":{"line":113,"column":56},"end":{"line":113,"column":111}},"line":113},"10":{"name":"(anonymous_10)","decl":{"start":{"line":119,"column":47},"end":{"line":119,"column":48}},"loc":{"start":{"line":119,"column":56},"end":{"line":119,"column":89}},"line":119},"11":{"name":"(anonymous_11)","decl":{"start":{"line":126,"column":47},"end":{"line":126,"column":48}},"loc":{"start":{"line":126,"column":56},"end":{"line":126,"column":111}},"line":126},"12":{"name":"(anonymous_12)","decl":{"start":{"line":140,"column":19},"end":{"line":140,"column":20}},"loc":{"start":{"line":140,"column":30},"end":{"line":146,"column":3}},"line":140},"13":{"name":"(anonymous_13)","decl":{"start":{"line":152,"column":4},"end":{"line":152,"column":5}},"loc":{"start":{"line":152,"column":10},"end":{"line":152,"column":65}},"line":152},"14":{"name":"(anonymous_14)","decl":{"start":{"line":157,"column":31},"end":{"line":157,"column":32}},"loc":{"start":{"line":157,"column":40},"end":{"line":160,"column":3}},"line":157},"15":{"name":"(anonymous_15)","decl":{"start":{"line":175,"column":30},"end":{"line":175,"column":31}},"loc":{"start":{"line":176,"column":20},"end":{"line":176,"column":48}},"line":176},"16":{"name":"(anonymous_16)","decl":{"start":{"line":187,"column":26},"end":{"line":187,"column":27}},"loc":{"start":{"line":187,"column":33},"end":{"line":187,"column":75}},"line":187},"17":{"name":"(anonymous_17)","decl":{"start":{"line":196,"column":26},"end":{"line":196,"column":27}},"loc":{"start":{"line":196,"column":33},"end":{"line":196,"column":79}},"line":196},"18":{"name":"(anonymous_18)","decl":{"start":{"line":205,"column":26},"end":{"line":205,"column":27}},"loc":{"start":{"line":205,"column":33},"end":{"line":205,"column":77}},"line":205},"19":{"name":"(anonymous_19)","decl":{"start":{"line":235,"column":26},"end":{"line":235,"column":27}},"loc":{"start":{"line":235,"column":33},"end":{"line":235,"column":89}},"line":235}},"branchMap":{"0":{"loc":{"start":{"line":21,"column":4},"end":{"line":27,"column":5}},"type":"if","locations":[{"start":{"line":21,"column":4},"end":{"line":27,"column":5}},{"start":{"line":25,"column":11},"end":{"line":27,"column":5}}],"line":21},"1":{"loc":{"start":{"line":21,"column":8},"end":{"line":21,"column":60}},"type":"binary-expr","locations":[{"start":{"line":21,"column":8},"end":{"line":21,"column":13}},{"start":{"line":21,"column":17},"end":{"line":21,"column":26}},{"start":{"line":21,"column":30},"end":{"line":21,"column":37}},{"start":{"line":21,"column":41},"end":{"line":21,"column":60}}],"line":21},"2":{"loc":{"start":{"line":22,"column":6},"end":{"line":24,"column":7}},"type":"if","locations":[{"start":{"line":22,"column":6},"end":{"line":24,"column":7}},{"start":{},"end":{}}],"line":22},"3":{"loc":{"start":{"line":42,"column":4},"end":{"line":42,"column":34}},"type":"if","locations":[{"start":{"line":42,"column":4},"end":{"line":42,"column":34}},{"start":{},"end":{}}],"line":42},"4":{"loc":{"start":{"line":52,"column":6},"end":{"line":55,"column":7}},"type":"if","locations":[{"start":{"line":52,"column":6},"end":{"line":55,"column":7}},{"start":{},"end":{}}],"line":52},"5":{"loc":{"start":{"line":56,"column":6},"end":{"line":58,"column":7}},"type":"if","locations":[{"start":{"line":56,"column":6},"end":{"line":58,"column":7}},{"start":{},"end":{}}],"line":56},"6":{"loc":{"start":{"line":60,"column":6},"end":{"line":67,"column":7}},"type":"if","locations":[{"start":{"line":60,"column":6},"end":{"line":67,"column":7}},{"start":{"line":64,"column":11},"end":{"line":67,"column":7}}],"line":60},"7":{"loc":{"start":{"line":60,"column":10},"end":{"line":60,"column":57}},"type":"binary-expr","locations":[{"start":{"line":60,"column":10},"end":{"line":60,"column":24}},{"start":{"line":60,"column":28},"end":{"line":60,"column":57}}],"line":60},"8":{"loc":{"start":{"line":74,"column":4},"end":{"line":76,"column":5}},"type":"if","locations":[{"start":{"line":74,"column":4},"end":{"line":76,"column":5}},{"start":{},"end":{}}],"line":74},"9":{"loc":{"start":{"line":77,"column":4},"end":{"line":79,"column":5}},"type":"if","locations":[{"start":{"line":77,"column":4},"end":{"line":79,"column":5}},{"start":{},"end":{}}],"line":77},"10":{"loc":{"start":{"line":80,"column":4},"end":{"line":82,"column":5}},"type":"if","locations":[{"start":{"line":80,"column":4},"end":{"line":82,"column":5}},{"start":{},"end":{}}],"line":80},"11":{"loc":{"start":{"line":83,"column":4},"end":{"line":85,"column":5}},"type":"if","locations":[{"start":{"line":83,"column":4},"end":{"line":85,"column":5}},{"start":{},"end":{}}],"line":83},"12":{"loc":{"start":{"line":83,"column":8},"end":{"line":83,"column":71}},"type":"binary-expr","locations":[{"start":{"line":83,"column":8},"end":{"line":83,"column":17}},{"start":{"line":83,"column":21},"end":{"line":83,"column":28}},{"start":{"line":83,"column":32},"end":{"line":83,"column":71}}],"line":83},"13":{"loc":{"start":{"line":96,"column":4},"end":{"line":134,"column":5}},"type":"switch","locations":[{"start":{"line":97,"column":6},"end":{"line":102,"column":14}},{"start":{"line":103,"column":6},"end":{"line":115,"column":14}},{"start":{"line":116,"column":6},"end":{"line":128,"column":14}},{"start":{"line":129,"column":6},"end":{"line":131,"column":14}},{"start":{"line":132,"column":6},"end":{"line":133,"column":14}}],"line":96},"14":{"loc":{"start":{"line":99,"column":8},"end":{"line":101,"column":9}},"type":"if","locations":[{"start":{"line":99,"column":8},"end":{"line":101,"column":9}},{"start":{},"end":{}}],"line":99},"15":{"loc":{"start":{"line":99,"column":12},"end":{"line":99,"column":65}},"type":"binary-expr","locations":[{"start":{"line":99,"column":12},"end":{"line":99,"column":17}},{"start":{"line":99,"column":21},"end":{"line":99,"column":65}}],"line":99},"16":{"loc":{"start":{"line":105,"column":8},"end":{"line":107,"column":9}},"type":"if","locations":[{"start":{"line":105,"column":8},"end":{"line":107,"column":9}},{"start":{},"end":{}}],"line":105},"17":{"loc":{"start":{"line":105,"column":12},"end":{"line":105,"column":70}},"type":"binary-expr","locations":[{"start":{"line":105,"column":12},"end":{"line":105,"column":17}},{"start":{"line":105,"column":21},"end":{"line":105,"column":70}}],"line":105},"18":{"loc":{"start":{"line":108,"column":8},"end":{"line":114,"column":9}},"type":"if","locations":[{"start":{"line":108,"column":8},"end":{"line":114,"column":9}},{"start":{"line":112,"column":15},"end":{"line":114,"column":9}}],"line":108},"19":{"loc":{"start":{"line":108,"column":12},"end":{"line":108,"column":67}},"type":"binary-expr","locations":[{"start":{"line":108,"column":12},"end":{"line":108,"column":17}},{"start":{"line":108,"column":21},"end":{"line":108,"column":28}},{"start":{"line":108,"column":32},"end":{"line":108,"column":67}}],"line":108},"20":{"loc":{"start":{"line":109,"column":10},"end":{"line":111,"column":11}},"type":"if","locations":[{"start":{"line":109,"column":10},"end":{"line":111,"column":11}},{"start":{},"end":{}}],"line":109},"21":{"loc":{"start":{"line":118,"column":8},"end":{"line":120,"column":9}},"type":"if","locations":[{"start":{"line":118,"column":8},"end":{"line":120,"column":9}},{"start":{},"end":{}}],"line":118},"22":{"loc":{"start":{"line":118,"column":12},"end":{"line":118,"column":68}},"type":"binary-expr","locations":[{"start":{"line":118,"column":12},"end":{"line":118,"column":17}},{"start":{"line":118,"column":21},"end":{"line":118,"column":68}}],"line":118},"23":{"loc":{"start":{"line":121,"column":8},"end":{"line":127,"column":9}},"type":"if","locations":[{"start":{"line":121,"column":8},"end":{"line":127,"column":9}},{"start":{"line":125,"column":15},"end":{"line":127,"column":9}}],"line":121},"24":{"loc":{"start":{"line":121,"column":12},"end":{"line":121,"column":71}},"type":"binary-expr","locations":[{"start":{"line":121,"column":12},"end":{"line":121,"column":17}},{"start":{"line":121,"column":21},"end":{"line":121,"column":30}},{"start":{"line":121,"column":34},"end":{"line":121,"column":71}}],"line":121},"25":{"loc":{"start":{"line":122,"column":10},"end":{"line":124,"column":11}},"type":"if","locations":[{"start":{"line":122,"column":10},"end":{"line":124,"column":11}},{"start":{},"end":{}}],"line":122},"26":{"loc":{"start":{"line":141,"column":4},"end":{"line":141,"column":80}},"type":"if","locations":[{"start":{"line":141,"column":4},"end":{"line":141,"column":80}},{"start":{},"end":{}}],"line":141},"27":{"loc":{"start":{"line":141,"column":8},"end":{"line":141,"column":66}},"type":"binary-expr","locations":[{"start":{"line":141,"column":8},"end":{"line":141,"column":25}},{"start":{"line":141,"column":29},"end":{"line":141,"column":66}}],"line":141},"28":{"loc":{"start":{"line":142,"column":4},"end":{"line":142,"column":89}},"type":"if","locations":[{"start":{"line":142,"column":4},"end":{"line":142,"column":89}},{"start":{},"end":{}}],"line":142},"29":{"loc":{"start":{"line":142,"column":8},"end":{"line":142,"column":75}},"type":"binary-expr","locations":[{"start":{"line":142,"column":8},"end":{"line":142,"column":29}},{"start":{"line":142,"column":33},"end":{"line":142,"column":75}}],"line":142},"30":{"loc":{"start":{"line":143,"column":4},"end":{"line":143,"column":85}},"type":"if","locations":[{"start":{"line":143,"column":4},"end":{"line":143,"column":85}},{"start":{},"end":{}}],"line":143},"31":{"loc":{"start":{"line":143,"column":8},"end":{"line":143,"column":71}},"type":"binary-expr","locations":[{"start":{"line":143,"column":8},"end":{"line":143,"column":27}},{"start":{"line":143,"column":31},"end":{"line":143,"column":71}}],"line":143},"32":{"loc":{"start":{"line":144,"column":4},"end":{"line":144,"column":108}},"type":"if","locations":[{"start":{"line":144,"column":4},"end":{"line":144,"column":108}},{"start":{},"end":{}}],"line":144},"33":{"loc":{"start":{"line":144,"column":8},"end":{"line":144,"column":94}},"type":"binary-expr","locations":[{"start":{"line":144,"column":8},"end":{"line":144,"column":17}},{"start":{"line":144,"column":21},"end":{"line":144,"column":28}},{"start":{"line":144,"column":32},"end":{"line":144,"column":71}},{"start":{"line":144,"column":75},"end":{"line":144,"column":94}}],"line":144},"34":{"loc":{"start":{"line":166,"column":7},"end":{"line":244,"column":7}},"type":"binary-expr","locations":[{"start":{"line":166,"column":7},"end":{"line":166,"column":13}},{"start":{"line":167,"column":8},"end":{"line":243,"column":14}}],"line":166},"35":{"loc":{"start":{"line":172,"column":13},"end":{"line":180,"column":13}},"type":"binary-expr","locations":[{"start":{"line":172,"column":13},"end":{"line":172,"column":30}},{"start":{"line":173,"column":14},"end":{"line":179,"column":20}}],"line":172},"36":{"loc":{"start":{"line":182,"column":30},"end":{"line":182,"column":68}},"type":"cond-expr","locations":[{"start":{"line":182,"column":50},"end":{"line":182,"column":63}},{"start":{"line":182,"column":66},"end":{"line":182,"column":68}}],"line":182},"37":{"loc":{"start":{"line":191,"column":30},"end":{"line":191,"column":72}},"type":"cond-expr","locations":[{"start":{"line":191,"column":54},"end":{"line":191,"column":67}},{"start":{"line":191,"column":70},"end":{"line":191,"column":72}}],"line":191},"38":{"loc":{"start":{"line":200,"column":30},"end":{"line":200,"column":70}},"type":"cond-expr","locations":[{"start":{"line":200,"column":52},"end":{"line":200,"column":65}},{"start":{"line":200,"column":68},"end":{"line":200,"column":70}}],"line":200},"39":{"loc":{"start":{"line":247,"column":7},"end":{"line":247,"column":54}},"type":"binary-expr","locations":[{"start":{"line":247,"column":7},"end":{"line":247,"column":13}},{"start":{"line":247,"column":17},"end":{"line":247,"column":54}}],"line":247}},"s":{"0":1,"1":89,"2":88,"3":88,"4":88,"5":88,"6":88,"7":88,"8":88,"9":20,"10":88,"11":4,"12":3,"13":0,"14":1,"15":88,"16":3,"17":3,"18":3,"19":3,"20":3,"21":3,"22":3,"23":88,"24":13,"25":7,"26":6,"27":6,"28":2,"29":2,"30":2,"31":2,"32":0,"33":4,"34":1,"35":3,"36":3,"37":88,"38":13,"39":13,"40":7,"41":13,"42":3,"43":13,"44":3,"45":13,"46":4,"47":13,"48":13,"49":88,"50":33,"51":33,"52":9,"53":9,"54":1,"55":3,"56":9,"57":10,"58":10,"59":1,"60":3,"61":10,"62":0,"63":0,"64":10,"65":2,"66":10,"67":12,"68":12,"69":0,"70":0,"71":12,"72":4,"73":4,"74":8,"75":4,"76":12,"77":2,"78":2,"79":0,"80":33,"81":88,"82":201,"83":10,"84":191,"85":4,"86":187,"87":5,"88":182,"89":8,"90":174,"91":88,"92":88,"93":20,"94":88,"95":1,"96":1,"97":88,"98":27,"99":9,"100":10,"101":12,"102":2},"f":{"0":89,"1":20,"2":4,"3":3,"4":13,"5":13,"6":33,"7":3,"8":3,"9":2,"10":0,"11":4,"12":201,"13":20,"14":1,"15":27,"16":9,"17":10,"18":12,"19":2},"b":{"0":[3,1],"1":[4,1,1,1],"2":[0,3],"3":[7,6],"4":[2,0],"5":[0,2],"6":[1,3],"7":[4,3],"8":[7,6],"9":[3,10],"10":[3,10],"11":[4,9],"12":[13,10,10],"13":[9,10,12,2,0],"14":[1,8],"15":[9,9],"16":[1,9],"17":[10,10],"18":[0,10],"19":[10,10,0],"20":[0,0],"21":[0,12],"22":[12,12],"23":[4,8],"24":[12,12,12],"25":[4,0],"26":[10,191],"27":[201,67],"28":[4,187],"29":[191,67],"30":[5,182],"31":[187,67],"32":[8,174],"33":[182,94,66,20],"34":[88,67],"35":[67,15],"36":[10,57],"37":[4,63],"38":[13,54],"39":[88,67]},"_coverageSchema":"1a1c01bbd47fc00a2c39e90264f33305004495a9","hash":"acb1ee8596d758d00b0e1b04db5d6429aec51b9b"}
}
