TN:
SF:src/component/CalendarView/BlockoutPopup.js
FN:7,(anonymous_0)
FN:16,(anonymous_1)
FN:20,(anonymous_2)
FN:30,(anonymous_3)
FN:40,(anonymous_4)
FN:71,(anonymous_5)
FN:92,(anonymous_6)
FN:100,(anonymous_7)
FN:106,(anonymous_8)
FN:113,(anonymous_9)
FN:119,(anonymous_10)
FN:126,(anonymous_11)
FN:140,(anonymous_12)
FN:152,(anonymous_13)
FN:157,(anonymous_14)
FN:175,(anonymous_15)
FN:187,(anonymous_16)
FN:196,(anonymous_17)
FN:205,(anonymous_18)
FN:235,(anonymous_19)
FNF:20
FNH:19
FNDA:89,(anonymous_0)
FNDA:20,(anonymous_1)
FNDA:4,(anonymous_2)
FNDA:3,(anonymous_3)
FNDA:13,(anonymous_4)
FNDA:13,(anonymous_5)
FNDA:33,(anonymous_6)
FNDA:3,(anonymous_7)
FNDA:3,(anonymous_8)
FNDA:2,(anonymous_9)
FNDA:0,(anonymous_10)
FNDA:4,(anonymous_11)
FNDA:201,(anonymous_12)
FNDA:20,(anonymous_13)
FNDA:1,(anonymous_14)
FNDA:27,(anonymous_15)
FNDA:9,(anonymous_16)
FNDA:10,(anonymous_17)
FNDA:12,(anonymous_18)
FNDA:2,(anonymous_19)
DA:7,1
DA:8,89
DA:9,88
DA:10,88
DA:11,88
DA:12,88
DA:13,88
DA:14,88
DA:16,88
DA:17,20
DA:20,88
DA:21,4
DA:22,3
DA:23,0
DA:26,1
DA:30,88
DA:31,3
DA:32,3
DA:33,3
DA:34,3
DA:35,3
DA:36,3
DA:37,3
DA:40,88
DA:42,13
DA:44,6
DA:45,6
DA:52,2
DA:53,2
DA:54,2
DA:56,2
DA:57,0
DA:60,4
DA:62,1
DA:65,3
DA:66,3
DA:71,88
DA:72,13
DA:74,13
DA:75,7
DA:77,13
DA:78,3
DA:80,13
DA:81,3
DA:83,13
DA:84,4
DA:87,13
DA:88,13
DA:92,88
DA:94,33
DA:96,33
DA:98,9
DA:99,9
DA:100,3
DA:102,9
DA:104,10
DA:105,10
DA:106,3
DA:108,10
DA:109,0
DA:110,0
DA:113,10
DA:115,10
DA:117,12
DA:118,12
DA:119,0
DA:121,12
DA:122,4
DA:123,4
DA:126,8
DA:128,12
DA:130,2
DA:131,2
DA:133,0
DA:136,33
DA:140,88
DA:141,201
DA:142,191
DA:143,187
DA:144,182
DA:145,174
DA:149,88
DA:151,88
DA:152,20
DA:157,88
DA:158,1
DA:159,1
DA:162,88
DA:176,27
DA:187,9
DA:196,10
DA:205,12
DA:235,2
LF:93
LH:87
BRDA:21,0,0,3
BRDA:21,0,1,1
BRDA:21,1,0,4
BRDA:21,1,1,1
BRDA:21,1,2,1
BRDA:21,1,3,1
BRDA:22,2,0,0
BRDA:22,2,1,3
BRDA:42,3,0,7
BRDA:42,3,1,6
BRDA:52,4,0,2
BRDA:52,4,1,0
BRDA:56,5,0,0
BRDA:56,5,1,2
BRDA:60,6,0,1
BRDA:60,6,1,3
BRDA:60,7,0,4
BRDA:60,7,1,3
BRDA:74,8,0,7
BRDA:74,8,1,6
BRDA:77,9,0,3
BRDA:77,9,1,10
BRDA:80,10,0,3
BRDA:80,10,1,10
BRDA:83,11,0,4
BRDA:83,11,1,9
BRDA:83,12,0,13
BRDA:83,12,1,10
BRDA:83,12,2,10
BRDA:96,13,0,9
BRDA:96,13,1,10
BRDA:96,13,2,12
BRDA:96,13,3,2
BRDA:96,13,4,0
BRDA:99,14,0,1
BRDA:99,14,1,8
BRDA:99,15,0,9
BRDA:99,15,1,9
BRDA:105,16,0,1
BRDA:105,16,1,9
BRDA:105,17,0,10
BRDA:105,17,1,10
BRDA:108,18,0,0
BRDA:108,18,1,10
BRDA:108,19,0,10
BRDA:108,19,1,10
BRDA:108,19,2,0
BRDA:109,20,0,0
BRDA:109,20,1,0
BRDA:118,21,0,0
BRDA:118,21,1,12
BRDA:118,22,0,12
BRDA:118,22,1,12
BRDA:121,23,0,4
BRDA:121,23,1,8
BRDA:121,24,0,12
BRDA:121,24,1,12
BRDA:121,24,2,12
BRDA:122,25,0,4
BRDA:122,25,1,0
BRDA:141,26,0,10
BRDA:141,26,1,191
BRDA:141,27,0,201
BRDA:141,27,1,67
BRDA:142,28,0,4
BRDA:142,28,1,187
BRDA:142,29,0,191
BRDA:142,29,1,67
BRDA:143,30,0,5
BRDA:143,30,1,182
BRDA:143,31,0,187
BRDA:143,31,1,67
BRDA:144,32,0,8
BRDA:144,32,1,174
BRDA:144,33,0,182
BRDA:144,33,1,94
BRDA:144,33,2,66
BRDA:144,33,3,20
BRDA:166,34,0,88
BRDA:166,34,1,67
BRDA:172,35,0,67
BRDA:172,35,1,15
BRDA:182,36,0,10
BRDA:182,36,1,57
BRDA:191,37,0,4
BRDA:191,37,1,63
BRDA:200,38,0,13
BRDA:200,38,1,54
BRDA:247,39,0,88
BRDA:247,39,1,67
BRF:90
BRH:80
end_of_record
